<?xml version="1.0" encoding="UTF-8"?>
<testsuite xmlns:xsi="http://www.w3.org/2001/XMLSchema-instance" xsi:noNamespaceSchemaLocation="https://maven.apache.org/surefire/maven-surefire-plugin/xsd/surefire-test-report-3.0.xsd" version="3.0" name="dominio.ClienteTest" time="0.014" tests="12" errors="0" skipped="0" failures="0">
  <properties>
[...]
</properties>
  <testcase name="testValidacionNombreVacio" classname="dominio.ClienteTest" time="0.002"/>
  <testcase name="testConstructorConId" classname="dominio.ClienteTest" time="0.001"/>
  <testcase name="testConstructorVacio" classname="dominio.ClienteTest" time="0.001"/>
  <testcase name="testConstructorConAtributos" classname="dominio.ClienteTest" time="0.001"/>
  <testcase name="testSettersAndGetters" classname="dominio.ClienteTest" time="0.001"/>
  <testcase name="testConstructorCompleto" classname="dominio.ClienteTest" time="0.001"/>
  <testcase name="testValidacionCorreoInvalido" classname="dominio.ClienteTest" time="0.001"/>
  <testcase name="testValidacionDireccionVacia" classname="dominio.ClienteTest" time="0.0"/>
  <testcase name="testValidacionMultiplesErrores" classname="dominio.ClienteTest" time="0.001"/>
  <testcase name="testValidacionTelefonoInvalido" classname="dominio.ClienteTest" time="0.001"/>
  <testcase name="testEqualsAndHashCode" classname="dominio.ClienteTest" time="0.001"/>
  <testcase name="testValidacionClienteValido" classname="dominio.ClienteTest" time="0.002"/>
</testsuite>